c:\projects\vivid3d\solution\engine\vividengine\x64\debug\vividengine.pdb
c:\projects\vivid3d\solution\engine\vividengine\x64\debug\vividengine.idb
c:\projects\vivid3d\solution\engine\vividengine\x64\debug\vscenenode.obj
c:\projects\vivid3d\solution\engine\vividengine\x64\debug\vsceneentity.obj
c:\projects\vivid3d\solution\engine\vividengine\x64\debug\vmesh3d.obj
c:\projects\vivid3d\solution\engine\vividengine\x64\debug\vmesh2d.obj
c:\projects\vivid3d\solution\engine\vividengine\x64\debug\vividapp.obj
c:\projects\vivid3d\solution\engine\vividengine\x64\debug\vertexbuffer2d.obj
c:\projects\vivid3d\solution\engine\vividengine\x64\debug\renderstate2d.obj
c:\projects\vivid3d\solution\engine\vividengine\x64\debug\meshtypes2.obj
c:\projects\vivid3d\solution\engine\vividengine\x64\debug\draw2d.obj
c:\projects\vivid3d\solution\engine\vividengine\x64\debug\datagen.obj
c:\projects\vivid3d\solution\engine\vividengine\x64\debug\vividengine.pch
c:\projects\vivid3d\solution\engine\vividengine\x64\debug\pch.obj
c:\projects\vivid3d\solution\engine\vividengine\x64\debug\texture2d.obj
c:\projects\vivid3d\solution\x64\debug\vividengine.lib
c:\projects\vivid3d\solution\engine\vividengine\x64\debug\vividengine.tlog\cl.command.1.tlog
c:\projects\vivid3d\solution\engine\vividengine\x64\debug\vividengine.tlog\cl.read.1.tlog
c:\projects\vivid3d\solution\engine\vividengine\x64\debug\vividengine.tlog\cl.write.1.tlog
c:\projects\vivid3d\solution\engine\vividengine\x64\debug\vividengine.tlog\lib-link.read.1.tlog
c:\projects\vivid3d\solution\engine\vividengine\x64\debug\vividengine.tlog\lib-link.write.1.tlog
c:\projects\vivid3d\solution\engine\vividengine\x64\debug\vividengine.tlog\lib.command.1.tlog
