  KamiChi3D.cpp
C:\Projects\Vivid3D\Solution\Engine\VividEngine\VividApp.h(41,1): warning C4267: 'initializing': conversion from 'size_t' to 'int', possible loss of data
C:\Projects\Vivid3D\Solution\Engine\VividEngine\MathsUtil.h(17,23): warning C4244: 'return': conversion from 'double' to 'float', possible loss of data
C:\Projects\Vivid3D\Solution\Engine\VividEngine\MathsUtil.h(23,24): warning C4244: 'return': conversion from 'double' to 'float', possible loss of data
C:\Projects\Vivid3D\Solution\Engine\VividEngine\vSceneNode.h(29,1): warning C4267: 'return': conversion from 'size_t' to 'int', possible loss of data
C:\Projects\Vivid3D\Solution\Engine\VividEngine\VMesh3D.h(32,1): warning C4267: 'return': conversion from 'size_t' to 'int', possible loss of data
C:\Projects\Vivid3D\Solution\Engine\VividEngine\VSceneEntity.h(23,1): warning C4267: 'return': conversion from 'size_t' to 'int', possible loss of data
C:\Projects\Vivid3D\Solution\Engine\VividEngine\SceneBase.h(34,1): warning C4267: 'return': conversion from 'size_t' to 'int', possible loss of data
C:\Projects\Vivid3D\Solution\Engine\VividEngine\EngineMain.h(102,26): warning C4305: 'return': truncation from 'int' to 'bool'
C:\Projects\Vivid3D\Solution\Engine\VividEngine\EngineMain.h(118,26): warning C4305: 'return': truncation from 'int' to 'bool'
C:\Projects\Vivid3D\Solution\Engine\VividEngine\EngineMain.h(136,25): warning C4305: 'return': truncation from 'int' to 'bool'
  KamiChiApp.cpp
C:\Projects\Vivid3D\Solution\Engine\VividEngine\VividApp.h(41,1): warning C4267: 'initializing': conversion from 'size_t' to 'int', possible loss of data
C:\Projects\Vivid3D\Solution\Engine\VividEngine\MathsUtil.h(17,23): warning C4244: 'return': conversion from 'double' to 'float', possible loss of data
C:\Projects\Vivid3D\Solution\Engine\VividEngine\MathsUtil.h(23,24): warning C4244: 'return': conversion from 'double' to 'float', possible loss of data
C:\Projects\Vivid3D\Solution\Engine\VividEngine\vSceneNode.h(29,1): warning C4267: 'return': conversion from 'size_t' to 'int', possible loss of data
C:\Projects\Vivid3D\Solution\Engine\VividEngine\VMesh3D.h(32,1): warning C4267: 'return': conversion from 'size_t' to 'int', possible loss of data
C:\Projects\Vivid3D\Solution\Engine\VividEngine\VSceneEntity.h(23,1): warning C4267: 'return': conversion from 'size_t' to 'int', possible loss of data
C:\Projects\Vivid3D\Solution\Engine\VividEngine\SceneBase.h(34,1): warning C4267: 'return': conversion from 'size_t' to 'int', possible loss of data
C:\Projects\Vivid3D\Solution\Games\KamiChi3D\KamiChiApp.cpp(31,36): warning C4244: 'argument': conversion from 'int' to 'float', possible loss of data
C:\Projects\Vivid3D\Solution\Games\KamiChi3D\KamiChiApp.cpp(31,32): warning C4244: 'argument': conversion from 'int' to 'float', possible loss of data
  Generating Code...
C:\Projects\Vivid3D\Solution\Engine\VividEngine\EngineMain.h(163): warning C4715: 'Vivid::Engine::initWindow': not all control paths return a value
LINK : warning LNK4098: defaultlib 'MSVCRT' conflicts with use of other libs; use /NODEFAULTLIB:library
  KamiChi3D.vcxproj -> C:\Projects\Vivid3D\Solution\x64\Debug\KamiChi3D.exe
